<?xml version="1.0" encoding="utf-8"?><testsuites name="pytest tests"><testsuite name="pytest" errors="0" failures="0" skipped="0" tests="12" time="6.661" timestamp="2026-07-23T15:29:03.538394+00:00" hostname="agent-env-662f9861-d107-445a-bfc8-20b95c5f2b17"><testcase classname="tests.test_rate_limit_and_billing_history.TestBillingPaymentsHistory" name="test_payments_history_requires_auth" time="0.229" /><testcase classname="tests.test_rate_limit_and_billing_history.TestLoginRateLimit" name="test_five_failed_logins_return_401" time="0.558" /><testcase classname="tests.test_rate_limit_and_billing_history.TestBillingPaymentsHistory" name="test_payments_history_bad_token" time="0.032" /><testcase classname="tests.test_rate_limit_and_billing_history.TestBillingPaymentsHistory" name="test_payments_history_empty_for_fresh_user" time="0.295" /><testcase classname="tests.test_rate_limit_and_billing_history.TestLoginRateLimit" name="test_sixth_attempt_returns_429_with_retry_after" time="0.031" /><testcase classname="tests.test_rate_limit_and_billing_history.TestBillingPaymentsHistory" name="test_create_order_failure_does_not_insert_payment" time="0.732" /><testcase classname="tests.test_rate_limit_and_billing_history.TestBillingPaymentsHistory" name="test_payments_history_returns_manual_record_with_excluded_fields" time="0.263" /><testcase classname="tests.test_rate_limit_and_billing_history.TestLoginRateLimit" name="test_successful_login_resets_bucket" time="2.401" /><testcase classname="tests.test_rate_limit_and_billing_history.TestBillingPaymentsHistory" name="test_payments_history_ordered_desc_and_multi_records" time="0.252" /><testcase classname="tests.test_rate_limit_and_billing_history.TestXFFBucketIsolation" name="test_different_xff_have_separate_buckets" time="1.026" /><testcase classname="tests.test_rate_limit_and_billing_history.TestForgotPasswordRateLimit" name="test_three_attempts_return_200_fourth_429" time="0.128" /><testcase classname="tests.test_rate_limit_and_billing_history.TestSignupRateLimit" name="test_ten_signups_allowed_eleventh_429" time="2.612" /></testsuite></testsuites>