<?xml version="1.0" encoding="utf-8"?><testsuites name="pytest tests"><testsuite name="pytest" errors="0" failures="0" skipped="0" tests="17" time="3.298" timestamp="2026-07-23T14:40:54.550317+00:00" hostname="agent-env-662f9861-d107-445a-bfc8-20b95c5f2b17"><testcase classname="tests.test_billing.TestBillingCreateOrder" name="test_create_order_requires_auth" time="0.133" /><testcase classname="tests.test_billing.TestRegressionSpotCheck" name="test_auth_me_works" time="0.590" /><testcase classname="tests.test_billing.TestRegressionSpotCheck" name="test_auth_me_no_token" time="0.037" /><testcase classname="tests.test_billing.TestBillingCreateOrder" name="test_create_order_invalid_plan_free" time="0.499" /><testcase classname="tests.test_billing.TestRegressionSpotCheck" name="test_documents_list_works" time="0.036" /><testcase classname="tests.test_billing.TestBillingCreateOrder" name="test_create_order_invalid_plan_nonsense" time="1.031" /><testcase classname="tests.test_billing.TestRegressionSpotCheck" name="test_documents_upload_txt" time="1.574" /><testcase classname="tests.test_billing.TestBillingCreateOrder" name="test_create_order_pro_returns_razorpay_auth_error" time="0.541" /><testcase classname="tests.test_billing.TestBillingPlans" name="test_plans_no_auth" time="0.034" /><testcase classname="tests.test_billing.TestBillingStatus" name="test_status_requires_auth" time="0.034" /><testcase classname="tests.test_billing.TestBillingPlans" name="test_plans_pricing" time="0.032" /><testcase classname="tests.test_billing.TestBillingVerifyPayment" name="test_verify_requires_auth" time="0.032" /><testcase classname="tests.test_billing.TestBillingStatus" name="test_status_bad_token" time="0.035" /><testcase classname="tests.test_billing.TestBillingVerifyPayment" name="test_verify_with_fake_signature_rejected" time="0.035" /><testcase classname="tests.test_billing.TestBillingStatus" name="test_status_fresh_user_returns_free" time="0.295" /><testcase classname="tests.test_billing.TestBillingWebhook" name="test_webhook_no_signature" time="0.120" /><testcase classname="tests.test_billing.TestBillingWebhook" name="test_webhook_bad_signature" time="0.083" /></testsuite></testsuites>