<?xml version="1.0" encoding="utf-8"?><testsuites name="pytest tests"><testsuite name="pytest" errors="0" failures="0" skipped="0" tests="26" time="8.193" timestamp="2026-07-23T14:54:26.535928+00:00" hostname="agent-env-662f9861-d107-445a-bfc8-20b95c5f2b17"><testcase classname="tests.test_auth_ext.TestResendVerification" name="test_resend_verification_unverified_user_logs_mock" time="2.031" /><testcase classname="tests.test_auth_ext.TestResetPassword" name="test_reset_password_invalid_token" time="0.131" /><testcase classname="tests.test_auth_ext.TestResetPassword" name="test_reset_password_wrong_purpose" time="0.600" /><testcase classname="tests.test_auth_ext.TestResetPassword" name="test_reset_password_short_password" time="0.032" /><testcase classname="tests.test_auth_ext.TestResetPassword" name="test_reset_password_valid_flow" time="0.770" /><testcase classname="tests.test_auth_ext.TestChangePassword" name="test_change_password_no_auth" time="0.033" /><testcase classname="tests.test_auth_ext.TestChangePassword" name="test_change_password_wrong_current" time="0.534" /><testcase classname="tests.test_auth_ext.TestResendVerification" name="test_resend_verification_nonexistent_no_leak" time="0.577" /><testcase classname="tests.test_auth_ext.TestChangePassword" name="test_change_password_short_new" time="0.036" /><testcase classname="tests.test_auth_ext.TestChangePassword" name="test_change_password_success_and_login_flow" time="1.213" /><testcase classname="tests.test_auth_ext.TestResendVerification" name="test_send_verification_authed_unverified" time="1.788" /><testcase classname="tests.test_auth_ext.TestRegression" name="test_billing_plans_still_works" time="0.051" /><testcase classname="tests.test_auth_ext.TestRegression" name="test_documents_list_authed" time="0.083" /><testcase classname="tests.test_auth_ext.TestRegression" name="test_chat_stream_endpoint_exists_authed" time="0.146" /><testcase classname="tests.test_auth_ext.TestRegression" name="test_chat_stream_requires_auth" time="0.213" /><testcase classname="tests.test_auth_ext.TestUpdateProfile" name="test_update_profile_success" time="0.069" /><testcase classname="tests.test_auth_ext.TestUpdateProfile" name="test_update_profile_empty_name" time="0.034" /><testcase classname="tests.test_auth_ext.TestUpdateProfile" name="test_update_profile_no_auth" time="0.034" /><testcase classname="tests.test_auth_ext.TestForgotPassword" name="test_forgot_password_existing_email" time="1.039" /><testcase classname="tests.test_auth_ext.TestResendVerification" name="test_send_verification_authed_already_verified" time="0.330" /><testcase classname="tests.test_auth_ext.TestVerifyEmail" name="test_verify_email_valid_token" time="0.328" /><testcase classname="tests.test_auth_ext.TestForgotPassword" name="test_forgot_password_nonexistent_email_no_leak" time="1.047" /><testcase classname="tests.test_auth_ext.TestVerifyEmail" name="test_verify_email_invalid_token" time="0.034" /><testcase classname="tests.test_auth_ext.TestVerifyEmail" name="test_verify_email_expired_token" time="0.034" /><testcase classname="tests.test_auth_ext.TestSignupVerification" name="test_signup_sets_email_verified_false_and_logs_mock" time="1.294" /><testcase classname="tests.test_auth_ext.TestGoogleSession" name="test_google_session_invalid_id" time="0.219" /></testsuite></testsuites>