<?xml version="1.0" encoding="utf-8"?><testsuites name="pytest tests"><testsuite name="pytest" errors="0" failures="0" skipped="0" tests="43" time="9.438" timestamp="2026-07-23T15:08:52.905035+00:00" hostname="agent-env-662f9861-d107-445a-bfc8-20b95c5f2b17"><testcase classname="tests.test_billing.TestBillingCreateOrder" name="test_create_order_requires_auth" time="0.125" /><testcase classname="tests.test_billing.TestRegressionSpotCheck" name="test_auth_me_works" time="0.586" /><testcase classname="tests.test_billing.TestBillingCreateOrder" name="test_create_order_invalid_plan_free" time="0.505" /><testcase classname="tests.test_billing.TestRegressionSpotCheck" name="test_auth_me_no_token" time="0.039" /><testcase classname="tests.test_billing.TestRegressionSpotCheck" name="test_documents_list_works" time="0.039" /><testcase classname="tests.test_billing.TestBillingCreateOrder" name="test_create_order_invalid_plan_nonsense" time="0.033" /><testcase classname="tests.test_billing.TestBillingCreateOrder" name="test_create_order_pro_returns_razorpay_auth_error" time="0.532" /><testcase classname="tests.test_billing.TestRegressionSpotCheck" name="test_documents_upload_txt" time="1.190" /><testcase classname="tests.test_auth_ext.TestResendVerification" name="test_resend_verification_unverified_user_logs_mock" time="2.340" /><testcase classname="tests.test_auth_ext.TestResetPassword" name="test_reset_password_invalid_token" time="0.082" /><testcase classname="tests.test_auth_ext.TestResetPassword" name="test_reset_password_wrong_purpose" time="0.300" /><testcase classname="tests.test_auth_ext.TestResetPassword" name="test_reset_password_short_password" time="0.035" /><testcase classname="tests.test_auth_ext.TestResetPassword" name="test_reset_password_valid_flow" time="0.767" /><testcase classname="tests.test_auth_ext.TestChangePassword" name="test_change_password_no_auth" time="0.034" /><testcase classname="tests.test_auth_ext.TestChangePassword" name="test_change_password_wrong_current" time="0.520" /><testcase classname="tests.test_auth_ext.TestResendVerification" name="test_resend_verification_nonexistent_no_leak" time="0.565" /><testcase classname="tests.test_auth_ext.TestChangePassword" name="test_change_password_short_new" time="0.042" /><testcase classname="tests.test_auth_ext.TestChangePassword" name="test_change_password_success_and_login_flow" time="1.197" /><testcase classname="tests.test_auth_ext.TestResendVerification" name="test_send_verification_authed_unverified" time="1.795" /><testcase classname="tests.test_auth_ext.TestRegression" name="test_billing_plans_still_works" time="0.039" /><testcase classname="tests.test_auth_ext.TestRegression" name="test_documents_list_authed" time="0.034" /><testcase classname="tests.test_auth_ext.TestRegression" name="test_chat_stream_endpoint_exists_authed" time="0.142" /><testcase classname="tests.test_auth_ext.TestRegression" name="test_chat_stream_requires_auth" time="0.115" /><testcase classname="tests.test_auth_ext.TestVerifyEmail" name="test_verify_email_valid_token" time="0.317" /><testcase classname="tests.test_auth_ext.TestVerifyEmail" name="test_verify_email_invalid_token" time="0.035" /><testcase classname="tests.test_auth_ext.TestVerifyEmail" name="test_verify_email_expired_token" time="0.033" /><testcase classname="tests.test_auth_ext.TestUpdateProfile" name="test_update_profile_success" time="0.077" /><testcase classname="tests.test_auth_ext.TestUpdateProfile" name="test_update_profile_empty_name" time="0.047" /><testcase classname="tests.test_auth_ext.TestUpdateProfile" name="test_update_profile_no_auth" time="0.035" /><testcase classname="tests.test_billing.TestBillingPlans" name="test_plans_no_auth" time="0.095" /><testcase classname="tests.test_billing.TestBillingPlans" name="test_plans_pricing" time="0.041" /><testcase classname="tests.test_billing.TestBillingVerifyPayment" name="test_verify_requires_auth" time="0.038" /><testcase classname="tests.test_auth_ext.TestResendVerification" name="test_send_verification_authed_already_verified" time="0.522" /><testcase classname="tests.test_billing.TestBillingVerifyPayment" name="test_verify_with_fake_signature_rejected" time="0.535" /><testcase classname="tests.test_billing.TestBillingStatus" name="test_status_requires_auth" time="0.094" /><testcase classname="tests.test_billing.TestBillingWebhook" name="test_webhook_no_signature" time="0.077" /><testcase classname="tests.test_billing.TestBillingWebhook" name="test_webhook_bad_signature" time="0.070" /><testcase classname="tests.test_billing.TestBillingStatus" name="test_status_bad_token" time="0.034" /><testcase classname="tests.test_auth_ext.TestForgotPassword" name="test_forgot_password_existing_email" time="1.236" /><testcase classname="tests.test_billing.TestBillingStatus" name="test_status_fresh_user_returns_free" time="0.304" /><testcase classname="tests.test_auth_ext.TestSignupVerification" name="test_signup_sets_email_verified_false_and_logs_mock" time="1.299" /><testcase classname="tests.test_auth_ext.TestForgotPassword" name="test_forgot_password_nonexistent_email_no_leak" time="1.037" /><testcase classname="tests.test_auth_ext.TestGoogleSession" name="test_google_session_invalid_id" time="0.231" /></testsuite></testsuites>