<?xml version="1.0" encoding="utf-8"?><testsuites name="pytest tests"><testsuite name="pytest" errors="3" failures="6" skipped="0" tests="66" time="22.540" timestamp="2026-07-23T15:29:18.823213+00:00" hostname="agent-env-662f9861-d107-445a-bfc8-20b95c5f2b17"><testcase classname="tests.test_plan_limits.TestFreeDocumentCountLimit" name="test_upload_10_docs_success" time="7.784" /><testcase classname="tests.test_plan_limits.TestRegressionCore" name="test_signup_login_roundtrip" time="1.847" /><testcase classname="tests.test_plan_limits.TestRegressionCore" name="test_auth_me" time="0.527" /><testcase classname="tests.test_plan_limits.TestRegressionCore" name="test_documents_list" time="0.081" /><testcase classname="tests.test_plan_limits.TestRegressionCore" name="test_documents_upload_and_delete" time="1.406" /><testcase classname="tests.test_plan_limits.TestRegressionCore" name="test_billing_plans_public" time="0.418" /><testcase classname="tests.test_plan_limits.TestRegressionCore" name="test_forgot_password_ok" time="0.135" /><testcase classname="tests.test_plan_limits.TestRegressionCore" name="test_verify_email_invalid_token" time="0.363" /><testcase classname="tests.test_plan_limits.TestRegressionCore" name="test_change_password_no_auth" time="0.141" /><testcase classname="tests.test_billing.TestBillingCreateOrder" name="test_create_order_requires_auth" time="0.357" /><testcase classname="tests.test_billing.TestBillingCreateOrder" name="test_create_order_invalid_plan_free" time="1.095" /><testcase classname="tests.test_billing.TestBillingCreateOrder" name="test_create_order_invalid_plan_nonsense" time="0.041" /><testcase classname="tests.test_billing.TestBillingCreateOrder" name="test_create_order_pro_returns_razorpay_auth_error" time="0.502" /><testcase classname="tests.test_billing.TestRegressionSpotCheck" name="test_auth_me_works" time="0.358" /><testcase classname="tests.test_billing.TestRegressionSpotCheck" name="test_auth_me_no_token" time="0.035" /><testcase classname="tests.test_billing.TestRegressionSpotCheck" name="test_documents_list_works" time="0.043" /><testcase classname="tests.test_billing.TestRegressionSpotCheck" name="test_documents_upload_txt" time="1.067" /><testcase classname="tests.test_plan_limits.TestFreeDocumentCountLimit" name="test_usage_after_10_docs" time="0.499" /><testcase classname="tests.test_plan_limits.TestFreeDocumentCountLimit" name="test_11th_doc_upload_returns_402" time="0.143" /><testcase classname="tests.test_auth_ext.TestResetPassword" name="test_reset_password_invalid_token" time="0.094" /><testcase classname="tests.test_plan_limits.TestFreeDocumentCountLimit" name="test_url_ingest_returns_402_when_over_doc_limit" time="0.485" /><testcase classname="tests.test_auth_ext.TestResetPassword" name="test_reset_password_wrong_purpose" time="0.306" /><testcase classname="tests.test_auth_ext.TestResetPassword" name="test_reset_password_short_password" time="0.039" /><testcase classname="tests.test_auth_ext.TestResetPassword" name="test_reset_password_valid_flow" time="0.802" /><testcase classname="tests.test_plan_limits.TestFreeDocumentCountLimit" name="test_delete_doc_then_upload_succeeds" time="1.267" /><testcase classname="tests.test_auth_ext.TestChangePassword" name="test_change_password_no_auth" time="0.041" /><testcase classname="tests.test_auth_ext.TestResendVerification" name="test_resend_verification_unverified_user_logs_mock" time="2.305" /><testcase classname="tests.test_auth_ext.TestChangePassword" name="test_change_password_wrong_current" time="1.226" /><testcase classname="tests.test_auth_ext.TestChangePassword" name="test_change_password_short_new" time="0.050" /><testcase classname="tests.test_auth_ext.TestChangePassword" name="test_change_password_success_and_login_flow" time="1.011" /><testcase classname="tests.test_auth_ext.TestRegression" name="test_billing_plans_still_works" time="0.039" /><testcase classname="tests.test_auth_ext.TestRegression" name="test_documents_list_authed" time="0.043" /><testcase classname="tests.test_auth_ext.TestRegression" name="test_chat_stream_endpoint_exists_authed" time="0.144" /><testcase classname="tests.test_auth_ext.TestRegression" name="test_chat_stream_requires_auth" time="0.207" /><testcase classname="tests.test_billing.TestBillingStatus" name="test_status_requires_auth" time="0.085" /><testcase classname="tests.test_auth_ext.TestResendVerification" name="test_resend_verification_nonexistent_no_leak" time="0.538" /><testcase classname="tests.test_billing.TestBillingStatus" name="test_status_bad_token" time="0.038" /><testcase classname="tests.test_billing.TestBillingStatus" name="test_status_fresh_user_returns_free" time="0.291" /><testcase classname="tests.test_auth_ext.TestResendVerification" name="test_send_verification_authed_unverified" time="2.022" /><testcase classname="tests.test_auth_ext.TestVerifyEmail" name="test_verify_email_valid_token" time="0.534" /><testcase classname="tests.test_auth_ext.TestVerifyEmail" name="test_verify_email_invalid_token" time="0.036" /><testcase classname="tests.test_auth_ext.TestVerifyEmail" name="test_verify_email_expired_token" time="0.039" /><testcase classname="tests.test_plan_limits.TestBillingUsageEndpoint" name="test_usage_no_auth_returns_401" time="0.083" /><testcase classname="tests.test_plan_limits.TestBillingUsageEndpoint" name="test_usage_bad_token_returns_401" time="0.089" /><testcase classname="tests.test_plan_limits.TestBillingUsageEndpoint" name="test_usage_free_user_structure" time="0.395" /><testcase classname="tests.test_plan_limits.TestProUser" name="test_pro_usage_endpoint" time="0.420" /><testcase classname="tests.test_plan_limits.TestProUser" name="test_pro_upload_more_than_10_docs" time="6.459" /><testcase classname="tests.test_auth_ext.TestResendVerification" name="test_send_verification_authed_already_verified" time="0.129"><failure message="assert 429 == 200&#10; +  where 429 = &lt;Response [429]&gt;.status_code">tests/test_auth_ext.py:336: in test_send_verification_authed_already_verified
    assert r.status_code == 200
E   assert 429 == 200
E    +  where 429 = &lt;Response [429]&gt;.status_code</failure></testcase><testcase classname="tests.test_auth_ext.TestUpdateProfile" name="test_update_profile_success" time="0.033"><error message="failed on setup with &quot;AssertionError: {&quot;detail&quot;:&quot;Too many requests. Try again in 3585s.&quot;}&#10;assert 429 == 200&#10; +  where 429 = &lt;Response [429]&gt;.status_code&quot;">tests/test_auth_ext.py:111: in fresh_user
    assert r.status_code == 200, r.text
E   AssertionError: {"detail":"Too many requests. Try again in 3585s."}
E   assert 429 == 200
E    +  where 429 = &lt;Response [429]&gt;.status_code</error></testcase><testcase classname="tests.test_auth_ext.TestUpdateProfile" name="test_update_profile_empty_name" time="0.000"><error message="failed on setup with &quot;AssertionError: {&quot;detail&quot;:&quot;Too many requests. Try again in 3585s.&quot;}&#10;assert 429 == 200&#10; +  where 429 = &lt;Response [429]&gt;.status_code&quot;">tests/test_auth_ext.py:111: in fresh_user
    assert r.status_code == 200, r.text
E   AssertionError: {"detail":"Too many requests. Try again in 3585s."}
E   assert 429 == 200
E    +  where 429 = &lt;Response [429]&gt;.status_code</error></testcase><testcase classname="tests.test_auth_ext.TestUpdateProfile" name="test_update_profile_no_auth" time="0.528" /><testcase classname="tests.test_billing.TestBillingVerifyPayment" name="test_verify_requires_auth" time="0.119" /><testcase classname="tests.test_billing.TestBillingVerifyPayment" name="test_verify_with_fake_signature_rejected" time="1.074" /><testcase classname="tests.test_billing.TestBillingWebhook" name="test_webhook_no_signature" time="0.493" /><testcase classname="tests.test_billing.TestBillingWebhook" name="test_webhook_bad_signature" time="0.090" /><testcase classname="tests.test_auth_ext.TestForgotPassword" name="test_forgot_password_existing_email" time="0.416"><error message="failed on setup with &quot;AssertionError: {&quot;detail&quot;:&quot;Too many requests. Try again in 3583s.&quot;}&#10;assert 429 == 200&#10; +  where 429 = &lt;Response [429]&gt;.status_code&quot;">tests/test_auth_ext.py:129: in reset_user
    assert r.status_code == 200, r.text
E   AssertionError: {"detail":"Too many requests. Try again in 3583s."}
E   assert 429 == 200
E    +  where 429 = &lt;Response [429]&gt;.status_code</error></testcase><testcase classname="tests.test_auth_ext.TestForgotPassword" name="test_forgot_password_nonexistent_email_no_leak" time="1.063" /><testcase classname="tests.test_plan_limits.TestFreeChatLimit" name="test_chat_below_limit_streams_ok" time="0.330"><failure message="AssertionError: signup limits-test-chat-ok-9b0011@test.com failed: 429 {&quot;detail&quot;:&quot;Too many requests. Try again in 3581s.&quot;}&#10;assert 429 == 200&#10; +  where 429 = &lt;Response [429]&gt;.status_code">tests/test_plan_limits.py:229: in test_chat_below_limit_streams_ok
    data = _signup(email)
           ^^^^^^^^^^^^^^
tests/test_plan_limits.py:58: in _signup
    assert r.status_code == 200, f"signup {email} failed: {r.status_code} {r.text}"
E   AssertionError: signup limits-test-chat-ok-9b0011@test.com failed: 429 {"detail":"Too many requests. Try again in 3581s."}
E   assert 429 == 200
E    +  where 429 = &lt;Response [429]&gt;.status_code</failure></testcase><testcase classname="tests.test_plan_limits.TestFreeChatLimit" name="test_51st_chat_returns_402_after_seeding_50_messages" time="0.112"><failure message="AssertionError: signup limits-test-chat-cap-d738a9@test.com failed: 429 {&quot;detail&quot;:&quot;Too many requests. Try again in 3581s.&quot;}&#10;assert 429 == 200&#10; +  where 429 = &lt;Response [429]&gt;.status_code">tests/test_plan_limits.py:267: in test_51st_chat_returns_402_after_seeding_50_messages
    data = _signup(email)
           ^^^^^^^^^^^^^^
tests/test_plan_limits.py:58: in _signup
    assert r.status_code == 200, f"signup {email} failed: {r.status_code} {r.text}"
E   AssertionError: signup limits-test-chat-cap-d738a9@test.com failed: 429 {"detail":"Too many requests. Try again in 3581s."}
E   assert 429 == 200
E    +  where 429 = &lt;Response [429]&gt;.status_code</failure></testcase><testcase classname="tests.test_auth_ext.TestSignupVerification" name="test_signup_sets_email_verified_false_and_logs_mock" time="0.364"><failure message="AssertionError: {&quot;detail&quot;:&quot;Too many requests. Try again in 3581s.&quot;}&#10;assert 429 == 200&#10; +  where 429 = &lt;Response [429]&gt;.status_code">tests/test_auth_ext.py:154: in test_signup_sets_email_verified_false_and_logs_mock
    assert r.status_code == 200, r.text
E   AssertionError: {"detail":"Too many requests. Try again in 3581s."}
E   assert 429 == 200
E    +  where 429 = &lt;Response [429]&gt;.status_code</failure></testcase><testcase classname="tests.test_auth_ext.TestGoogleSession" name="test_google_session_invalid_id" time="0.902" /><testcase classname="tests.test_plan_limits.TestFreeChunkLimit" name="test_large_txt_exceeds_chunks_402_and_doc_rolled_back" time="0.117"><failure message="AssertionError: signup limits-test-chunks-46ec02@test.com failed: 429 {&quot;detail&quot;:&quot;Too many requests. Try again in 3580s.&quot;}&#10;assert 429 == 200&#10; +  where 429 = &lt;Response [429]&gt;.status_code">tests/test_plan_limits.py:202: in test_large_txt_exceeds_chunks_402_and_doc_rolled_back
    data = _signup(email)
           ^^^^^^^^^^^^^^
tests/test_plan_limits.py:58: in _signup
    assert r.status_code == 200, f"signup {email} failed: {r.status_code} {r.text}"
E   AssertionError: signup limits-test-chunks-46ec02@test.com failed: 429 {"detail":"Too many requests. Try again in 3580s."}
E   assert 429 == 200
E    +  where 429 = &lt;Response [429]&gt;.status_code</failure></testcase><testcase classname="tests.test_plan_limits.TestExpiredProSubscription" name="test_expired_sub_reverts_to_free" time="0.101"><failure message="AssertionError: signup limits-test-expired-1b1b3e@test.com failed: 429 {&quot;detail&quot;:&quot;Too many requests. Try again in 3580s.&quot;}&#10;assert 429 == 200&#10; +  where 429 = &lt;Response [429]&gt;.status_code">tests/test_plan_limits.py:402: in test_expired_sub_reverts_to_free
    data = _signup(email)
           ^^^^^^^^^^^^^^
tests/test_plan_limits.py:58: in _signup
    assert r.status_code == 200, f"signup {email} failed: {r.status_code} {r.text}"
E   AssertionError: signup limits-test-expired-1b1b3e@test.com failed: 429 {"detail":"Too many requests. Try again in 3580s."}
E   assert 429 == 200
E    +  where 429 = &lt;Response [429]&gt;.status_code</failure></testcase><testcase classname="tests.test_plan_limits.TestProUser" name="test_pro_chat_limit_not_applied" time="0.455" /><testcase classname="tests.test_billing.TestBillingPlans" name="test_plans_no_auth" time="0.074" /><testcase classname="tests.test_billing.TestBillingPlans" name="test_plans_pricing" time="0.032" /></testsuite></testsuites>