<?xml version="1.0" encoding="utf-8"?><testsuites name="pytest tests"><testsuite name="pytest" errors="0" failures="0" skipped="0" tests="78" time="29.574" timestamp="2026-07-23T15:59:47.705197+00:00" hostname="agent-env-662f9861-d107-445a-bfc8-20b95c5f2b17"><testcase classname="tests.test_rate_limit_and_billing_history.TestBillingPaymentsHistory" name="test_payments_history_requires_auth" time="0.155" /><testcase classname="tests.test_rate_limit_and_billing_history.TestBillingPaymentsHistory" name="test_payments_history_bad_token" time="0.255" /><testcase classname="tests.test_plan_limits.TestRegressionCore" name="test_signup_login_roundtrip" time="0.736" /><testcase classname="tests.test_plan_limits.TestRegressionCore" name="test_auth_me" time="0.223" /><testcase classname="tests.test_rate_limit_and_billing_history.TestBillingPaymentsHistory" name="test_payments_history_empty_for_fresh_user" time="0.581" /><testcase classname="tests.test_plan_limits.TestRegressionCore" name="test_documents_list" time="0.576" /><testcase classname="tests.test_rate_limit_and_billing_history.TestBillingPaymentsHistory" name="test_create_order_failure_does_not_insert_payment" time="0.573" /><testcase classname="tests.test_plan_limits.TestRegressionCore" name="test_documents_upload_and_delete" time="1.338" /><testcase classname="tests.test_rate_limit_and_billing_history.TestBillingPaymentsHistory" name="test_payments_history_returns_manual_record_with_excluded_fields" time="0.034" /><testcase classname="tests.test_rate_limit_and_billing_history.TestBillingPaymentsHistory" name="test_payments_history_ordered_desc_and_multi_records" time="0.037" /><testcase classname="tests.test_plan_limits.TestFreeDocumentCountLimit" name="test_upload_10_docs_success" time="6.160" /><testcase classname="tests.test_plan_limits.TestRegressionCore" name="test_billing_plans_public" time="0.531" /><testcase classname="tests.test_plan_limits.TestRegressionCore" name="test_forgot_password_ok" time="0.080" /><testcase classname="tests.test_plan_limits.TestRegressionCore" name="test_verify_email_invalid_token" time="0.412" /><testcase classname="tests.test_plan_limits.TestRegressionCore" name="test_change_password_no_auth" time="0.394" /><testcase classname="tests.test_auth_ext.TestResetPassword" name="test_reset_password_invalid_token" time="0.074" /><testcase classname="tests.test_auth_ext.TestResetPassword" name="test_reset_password_wrong_purpose" time="0.822" /><testcase classname="tests.test_auth_ext.TestResetPassword" name="test_reset_password_short_password" time="0.033" /><testcase classname="tests.test_auth_ext.TestResetPassword" name="test_reset_password_valid_flow" time="1.336" /><testcase classname="tests.test_auth_ext.TestResendVerification" name="test_resend_verification_unverified_user_logs_mock" time="2.240" /><testcase classname="tests.test_plan_limits.TestFreeDocumentCountLimit" name="test_usage_after_10_docs" time="0.096" /><testcase classname="tests.test_plan_limits.TestFreeDocumentCountLimit" name="test_11th_doc_upload_returns_402" time="0.089" /><testcase classname="tests.test_plan_limits.TestFreeDocumentCountLimit" name="test_url_ingest_returns_402_when_over_doc_limit" time="0.082" /><testcase classname="tests.test_plan_limits.TestFreeDocumentCountLimit" name="test_delete_doc_then_upload_succeeds" time="0.630" /><testcase classname="tests.test_auth_ext.TestChangePassword" name="test_change_password_no_auth" time="0.073" /><testcase classname="tests.test_auth_ext.TestResendVerification" name="test_resend_verification_nonexistent_no_leak" time="0.738" /><testcase classname="tests.test_auth_ext.TestChangePassword" name="test_change_password_wrong_current" time="0.514" /><testcase classname="tests.test_auth_ext.TestChangePassword" name="test_change_password_short_new" time="0.034" /><testcase classname="tests.test_auth_ext.TestChangePassword" name="test_change_password_success_and_login_flow" time="1.184" /><testcase classname="tests.test_auth_ext.TestResendVerification" name="test_send_verification_authed_unverified" time="2.027" /><testcase classname="tests.test_auth_ext.TestRegression" name="test_billing_plans_still_works" time="0.033" /><testcase classname="tests.test_auth_ext.TestRegression" name="test_documents_list_authed" time="0.036" /><testcase classname="tests.test_auth_ext.TestRegression" name="test_chat_stream_endpoint_exists_authed" time="0.163" /><testcase classname="tests.test_auth_ext.TestRegression" name="test_chat_stream_requires_auth" time="0.222" /><testcase classname="tests.test_billing.TestRegressionSpotCheck" name="test_auth_me_works" time="0.343" /><testcase classname="tests.test_billing.TestRegressionSpotCheck" name="test_auth_me_no_token" time="0.039" /><testcase classname="tests.test_billing.TestRegressionSpotCheck" name="test_documents_list_works" time="0.035" /><testcase classname="tests.test_billing.TestRegressionSpotCheck" name="test_documents_upload_txt" time="0.656" /><testcase classname="tests.test_auth_ext.TestResendVerification" name="test_send_verification_authed_already_verified" time="0.723" /><testcase classname="tests.test_billing.TestBillingCreateOrder" name="test_create_order_requires_auth" time="0.090" /><testcase classname="tests.test_auth_ext.TestVerifyEmail" name="test_verify_email_valid_token" time="0.345" /><testcase classname="tests.test_auth_ext.TestVerifyEmail" name="test_verify_email_invalid_token" time="0.036" /><testcase classname="tests.test_auth_ext.TestVerifyEmail" name="test_verify_email_expired_token" time="0.229" /><testcase classname="tests.test_auth_ext.TestUpdateProfile" name="test_update_profile_success" time="0.075" /><testcase classname="tests.test_billing.TestBillingCreateOrder" name="test_create_order_invalid_plan_free" time="0.313" /><testcase classname="tests.test_billing.TestBillingCreateOrder" name="test_create_order_invalid_plan_nonsense" time="0.044" /><testcase classname="tests.test_auth_ext.TestUpdateProfile" name="test_update_profile_empty_name" time="0.053" /><testcase classname="tests.test_billing.TestBillingCreateOrder" name="test_create_order_pro_returns_razorpay_auth_error" time="0.547" /><testcase classname="tests.test_auth_ext.TestUpdateProfile" name="test_update_profile_no_auth" time="0.510" /><testcase classname="tests.test_plan_limits.TestBillingUsageEndpoint" name="test_usage_no_auth_returns_401" time="0.095" /><testcase classname="tests.test_billing.TestBillingStatus" name="test_status_requires_auth" time="0.061" /><testcase classname="tests.test_billing.TestBillingStatus" name="test_status_bad_token" time="0.055" /><testcase classname="tests.test_plan_limits.TestBillingUsageEndpoint" name="test_usage_bad_token_returns_401" time="0.297" /><testcase classname="tests.test_plan_limits.TestBillingUsageEndpoint" name="test_usage_free_user_structure" time="0.536" /><testcase classname="tests.test_billing.TestBillingStatus" name="test_status_fresh_user_returns_free" time="0.329" /><testcase classname="tests.test_plan_limits.TestProUser" name="test_pro_usage_endpoint" time="0.571" /><testcase classname="tests.test_rate_limit_and_billing_history.TestLoginRateLimit" name="test_five_failed_logins_return_401" time="0.587" /><testcase classname="tests.test_plan_limits.TestProUser" name="test_pro_upload_more_than_10_docs" time="7.475" /><testcase classname="tests.test_rate_limit_and_billing_history.TestLoginRateLimit" name="test_sixth_attempt_returns_429_with_retry_after" time="0.036" /><testcase classname="tests.test_rate_limit_and_billing_history.TestLoginRateLimit" name="test_successful_login_resets_bucket" time="6.856" /><testcase classname="tests.test_billing.TestBillingPlans" name="test_plans_no_auth" time="0.101" /><testcase classname="tests.test_plan_limits.TestProUser" name="test_pro_chat_limit_not_applied" time="0.404" /><testcase classname="tests.test_billing.TestBillingPlans" name="test_plans_pricing" time="0.041" /><testcase classname="tests.test_billing.TestBillingVerifyPayment" name="test_verify_requires_auth" time="0.344" /><testcase classname="tests.test_auth_ext.TestForgotPassword" name="test_forgot_password_existing_email" time="1.039" /><testcase classname="tests.test_billing.TestBillingVerifyPayment" name="test_verify_with_fake_signature_rejected" time="0.314" /><testcase classname="tests.test_billing.TestBillingWebhook" name="test_webhook_no_signature" time="0.103" /><testcase classname="tests.test_billing.TestBillingWebhook" name="test_webhook_bad_signature" time="0.080" /><testcase classname="tests.test_auth_ext.TestSignupVerification" name="test_signup_sets_email_verified_false_and_logs_mock" time="1.298" /><testcase classname="tests.test_auth_ext.TestForgotPassword" name="test_forgot_password_nonexistent_email_no_leak" time="1.037" /><testcase classname="tests.test_auth_ext.TestGoogleSession" name="test_google_session_invalid_id" time="0.337" /><testcase classname="tests.test_plan_limits.TestFreeChatLimit" name="test_chat_below_limit_streams_ok" time="2.481" /><testcase classname="tests.test_plan_limits.TestFreeChunkLimit" name="test_large_txt_exceeds_chunks_402_and_doc_rolled_back" time="0.697" /><testcase classname="tests.test_plan_limits.TestExpiredProSubscription" name="test_expired_sub_reverts_to_free" time="0.466" /><testcase classname="tests.test_rate_limit_and_billing_history.TestSignupRateLimit" name="test_ten_signups_allowed_eleventh_429" time="3.189" /><testcase classname="tests.test_plan_limits.TestFreeChatLimit" name="test_51st_chat_returns_402_after_seeding_50_messages" time="0.953" /><testcase classname="tests.test_rate_limit_and_billing_history.TestForgotPasswordRateLimit" name="test_three_attempts_return_200_fourth_429" time="0.597" /><testcase classname="tests.test_rate_limit_and_billing_history.TestXFFBucketIsolation" name="test_different_xff_have_separate_buckets" time="0.220" /></testsuite></testsuites>