<?xml version="1.0" encoding="utf-8"?><testsuites name="pytest tests"><testsuite name="pytest" errors="0" failures="0" skipped="0" tests="23" time="17.022" timestamp="2026-07-23T15:08:28.171327+00:00" hostname="agent-env-662f9861-d107-445a-bfc8-20b95c5f2b17"><testcase classname="tests.test_plan_limits.TestFreeDocumentCountLimit" name="test_upload_10_docs_success" time="7.192" /><testcase classname="tests.test_plan_limits.TestRegressionCore" name="test_signup_login_roundtrip" time="0.994" /><testcase classname="tests.test_plan_limits.TestRegressionCore" name="test_auth_me" time="1.028" /><testcase classname="tests.test_plan_limits.TestRegressionCore" name="test_documents_list" time="0.467" /><testcase classname="tests.test_plan_limits.TestRegressionCore" name="test_documents_upload_and_delete" time="1.521" /><testcase classname="tests.test_plan_limits.TestRegressionCore" name="test_billing_plans_public" time="0.380" /><testcase classname="tests.test_plan_limits.TestRegressionCore" name="test_forgot_password_ok" time="0.124" /><testcase classname="tests.test_plan_limits.TestRegressionCore" name="test_verify_email_invalid_token" time="0.376" /><testcase classname="tests.test_plan_limits.TestRegressionCore" name="test_change_password_no_auth" time="0.126" /><testcase classname="tests.test_plan_limits.TestBillingUsageEndpoint" name="test_usage_no_auth_returns_401" time="0.372" /><testcase classname="tests.test_plan_limits.TestBillingUsageEndpoint" name="test_usage_bad_token_returns_401" time="0.123" /><testcase classname="tests.test_plan_limits.TestBillingUsageEndpoint" name="test_usage_free_user_structure" time="1.179" /><testcase classname="tests.test_plan_limits.TestFreeDocumentCountLimit" name="test_usage_after_10_docs" time="0.254" /><testcase classname="tests.test_plan_limits.TestFreeDocumentCountLimit" name="test_11th_doc_upload_returns_402" time="0.087" /><testcase classname="tests.test_plan_limits.TestProUser" name="test_pro_usage_endpoint" time="0.845" /><testcase classname="tests.test_plan_limits.TestFreeDocumentCountLimit" name="test_url_ingest_returns_402_when_over_doc_limit" time="0.082" /><testcase classname="tests.test_plan_limits.TestProUser" name="test_pro_upload_more_than_10_docs" time="7.162" /><testcase classname="tests.test_plan_limits.TestFreeDocumentCountLimit" name="test_delete_doc_then_upload_succeeds" time="1.477" /><testcase classname="tests.test_plan_limits.TestFreeChatLimit" name="test_chat_below_limit_streams_ok" time="3.797" /><testcase classname="tests.test_plan_limits.TestFreeChatLimit" name="test_51st_chat_returns_402_after_seeding_50_messages" time="1.702" /><testcase classname="tests.test_plan_limits.TestExpiredProSubscription" name="test_expired_sub_reverts_to_free" time="1.123" /><testcase classname="tests.test_plan_limits.TestProUser" name="test_pro_chat_limit_not_applied" time="0.684" /><testcase classname="tests.test_plan_limits.TestFreeChunkLimit" name="test_large_txt_exceeds_chunks_402_and_doc_rolled_back" time="0.559" /></testsuite></testsuites>